[I 2026-09-04 14:23:51,752] Trial 11 finished with values: [92.27696258734308, 5.96] and parameters: {'embed_dim': 256, 'hidden': 32, 'learning_rate': 7.076862490532262e-05, 'n_steps': 50, 'gamma': 0.9523460483388462, 'gae_lambda': 0.9067307148179272, 'ent_coef': 0.003983014218952098, 'value_coef': 0.9973943529434665, 'max_grad_norm': 0.4668108319864795, 'lambda_1': 1.1816945284946148, 'lambda_2': 7.343770409877628, 'lambda_3': 0.8520520648957702, 'idle_penalty': 0.751598086902059, 'invalid_penalty': 9.035951142008948}.

================================================================================
Optimization completed!
================================================================================

Pareto front: 4 non-dominated trials (of 12 total)
  trial 1: reward=191.94  tardiness_norm=7.4600
  trial 7: reward=186.98  tardiness_norm=5.4200
  trial 8: reward=176.91  tardiness_norm=5.3400
  trial 0: reward=81.72  tardiness_norm=0.9600

Pareto front saved to: C:\Coding\University\NPSC3001\NeuralKnapsacking\Neural-Knapsack-Research-Project\rl_training\optuna_results\a2c_pointer_pareto_scale45x6x50_pareto_front.json
All trials saved to: C:\Coding\University\NPSC3001\NeuralKnapsacking\Neural-Knapsack-Research-Project\rl_training\optuna_results\a2c_pointer_pareto_scale45x6x50_trials.csv
Could not create visualizations: Tried to import 'plotly' but failed. Please make sure that the package is installed correctly to use this feature. Actual error: No module named 'plotly'.

Pareto front: 4 non-dominated trial(s)
  trial 1: reward=191.94 tardiness_norm=7.4600
  trial 7: reward=186.98 tardiness_norm=5.4200
  trial 8: reward=176.91 tardiness_norm=5.3400
  trial 0: reward=81.72 tardiness_norm=0.9600

######################################################################
# Step 2: Train model A (Pointer + shaping)
######################################################################

======================================================================
Training model: pointer_shaped (60000 timesteps)
======================================================================
  [pointer_shaped] episode 1, t=45, mean reward (last 1): 188.66
  [pointer_shaped] episode 25, t=1188, mean reward (last 25): 163.01
  [pointer_shaped] episode 50, t=2333, mean reward (last 25): 180.74
  [pointer_shaped] episode 75, t=3458, mean reward (last 25): 188.16
  [pointer_shaped] episode 100, t=4583, mean reward (last 25): 188.16
  [pointer_shaped] episode 125, t=5710, mean reward (last 25): 187.38
  [pointer_shaped] episode 150, t=6850, mean reward (last 25): 182.15
  [pointer_shaped] episode 175, t=7980, mean reward (last 25): 186.89
  [pointer_shaped] episode 200, t=9106, mean reward (last 25): 187.00
  [pointer_shaped] episode 225, t=10252, mean reward (last 25): 178.80
  [pointer_shaped] episode 250, t=11431, mean reward (last 25): 165.93
  [pointer_shaped] episode 275, t=12584, mean reward (last 25): 180.42
  [pointer_shaped] episode 300, t=13743, mean reward (last 25): 175.30
  [pointer_shaped] episode 325, t=14901, mean reward (last 25): 175.58
  [pointer_shaped] episode 350, t=16051, mean reward (last 25): 180.19
  [pointer_shaped] episode 375, t=17204, mean reward (last 25): 181.88
  [pointer_shaped] episode 400, t=18353, mean reward (last 25): 179.88
  [pointer_shaped] episode 425, t=19541, mean reward (last 25): 167.28
  [pointer_shaped] episode 450, t=20710, mean reward (last 25): 169.70
  [pointer_shaped] episode 475, t=21876, mean reward (last 25): 173.83
  [pointer_shaped] episode 500, t=23059, mean reward (last 25): 165.99
  [pointer_shaped] episode 525, t=24234, mean reward (last 25): 166.20
  [pointer_shaped] episode 550, t=25427, mean reward (last 25): 161.03
  [pointer_shaped] episode 575, t=26611, mean reward (last 25): 164.13
  [pointer_shaped] episode 600, t=27778, mean reward (last 25): 169.15
  [pointer_shaped] episode 625, t=28975, mean reward (last 25): 156.49
  [pointer_shaped] episode 650, t=30173, mean reward (last 25): 159.57
  [pointer_shaped] episode 675, t=31370, mean reward (last 25): 159.52
  [pointer_shaped] episode 700, t=32591, mean reward (last 25): 146.67
  [pointer_shaped] episode 725, t=33790, mean reward (last 25): 155.91
  [pointer_shaped] episode 750, t=35000, mean reward (last 25): 161.97
  [pointer_shaped] episode 775, t=36213, mean reward (last 25): 155.19
  [pointer_shaped] episode 800, t=37387, mean reward (last 25): 170.17
  [pointer_shaped] episode 825, t=38567, mean reward (last 25): 164.82
  [pointer_shaped] episode 850, t=39769, mean reward (last 25): 154.75
  [pointer_shaped] episode 875, t=40926, mean reward (last 25): 178.12
  [pointer_shaped] episode 900, t=42115, mean reward (last 25): 162.41
  [pointer_shaped] episode 925, t=43257, mean reward (last 25): 180.17
  [pointer_shaped] episode 950, t=44467, mean reward (last 25): 154.13
  [pointer_shaped] episode 975, t=45639, mean reward (last 25): 172.14
  [pointer_shaped] episode 1000, t=46808, mean reward (last 25): 169.40
  [pointer_shaped] episode 1025, t=47987, mean reward (last 25): 167.88
  [pointer_shaped] episode 1050, t=49202, mean reward (last 25): 153.05
  [pointer_shaped] episode 1075, t=50380, mean reward (last 25): 165.36
  [pointer_shaped] episode 1100, t=51542, mean reward (last 25): 178.40
  [pointer_shaped] episode 1125, t=52722, mean reward (last 25): 167.42
  [pointer_shaped] episode 1150, t=53894, mean reward (last 25): 169.68
  [pointer_shaped] episode 1175, t=55064, mean reward (last 25): 174.62
  [pointer_shaped] episode 1200, t=56227, mean reward (last 25): 180.39
  [pointer_shaped] episode 1225, t=57394, mean reward (last 25): 173.79
  [pointer_shaped] episode 1250, t=58582, mean reward (last 25): 165.63
  [pointer_shaped] episode 1275, t=59718, mean reward (last 25): 183.58
  Saved: Results\reduced_budget_2026-09-04_v2\models\pointer_shaped.pt
  Saved: Results\reduced_budget_2026-09-04_v2\models\pointer_shaped_hyperparams.json

######################################################################
# Step 3: Derive rcpo_alpha from model A's held-out eval
######################################################################

Derived rcpo_alpha from model A's held-out mean episode_cost: 0.6400 (over 8 instances, costs=[np.float64(0.72), np.float64(0.68), np.float64(0.12), np.float64(0.06), np.float64(1.38), np.float64(0.94), np.float64(0.3), np.float64(0.92)])

######################################################################
# Step 4: Train model B (Pointer + RCPO fixed)
######################################################################

======================================================================
Training model: pointer_rcpo (60000 timesteps)
======================================================================
  [pointer_rcpo] episode 1, t=45, mean reward (last 1): 187.82
  [pointer_rcpo] episode 25, t=1162, mean reward (last 25): 170.82
  [pointer_rcpo] episode 50, t=2294, mean reward (last 25): 171.50
  [pointer_rcpo] episode 75, t=3444, mean reward (last 25): 154.66
  [pointer_rcpo] episode 100, t=4581, mean reward (last 25): 146.95
  [pointer_rcpo] episode 125, t=5718, mean reward (last 25): 127.64
  [pointer_rcpo] episode 150, t=6867, mean reward (last 25): 93.88
  [pointer_rcpo] episode 175, t=8078, mean reward (last 25): 47.67
  [pointer_rcpo] episode 200, t=9275, mean reward (last 25): 24.79
  [pointer_rcpo] episode 225, t=10473, mean reward (last 25): -4.39
  [pointer_rcpo] episode 250, t=11715, mean reward (last 25): -27.55
  [pointer_rcpo] episode 275, t=12990, mean reward (last 25): -44.92
  [pointer_rcpo] episode 300, t=14265, mean reward (last 25): -58.52
  [pointer_rcpo] episode 325, t=15540, mean reward (last 25): -67.40
  [pointer_rcpo] episode 350, t=16815, mean reward (last 25): -42.88
  [pointer_rcpo] episode 375, t=18090, mean reward (last 25): -32.96
  [pointer_rcpo] episode 400, t=19365, mean reward (last 25): -55.74
  [pointer_rcpo] episode 425, t=20640, mean reward (last 25): -52.49
  [pointer_rcpo] episode 450, t=21915, mean reward (last 25): -32.80
  [pointer_rcpo] episode 475, t=23190, mean reward (last 25): -12.60
  [pointer_rcpo] episode 500, t=24465, mean reward (last 25): -29.29
  [pointer_rcpo] episode 525, t=25740, mean reward (last 25): -14.30
  [pointer_rcpo] episode 550, t=27015, mean reward (last 25): -51.12
  [pointer_rcpo] episode 575, t=28290, mean reward (last 25): -40.24
  [pointer_rcpo] episode 600, t=29565, mean reward (last 25): -4.38
  [pointer_rcpo] episode 625, t=30840, mean reward (last 25): 2.28
  [pointer_rcpo] episode 650, t=32115, mean reward (last 25): -14.01
  [pointer_rcpo] episode 675, t=33390, mean reward (last 25): -8.52
  [pointer_rcpo] episode 700, t=34665, mean reward (last 25): -16.39
  [pointer_rcpo] episode 725, t=35940, mean reward (last 25): 7.06
  [pointer_rcpo] episode 750, t=37215, mean reward (last 25): -66.97
  [pointer_rcpo] episode 775, t=38490, mean reward (last 25): -45.69
  [pointer_rcpo] episode 800, t=39765, mean reward (last 25): 5.55
  [pointer_rcpo] episode 825, t=41040, mean reward (last 25): -21.13
  [pointer_rcpo] episode 850, t=42315, mean reward (last 25): -1.58
  [pointer_rcpo] episode 875, t=43590, mean reward (last 25): 21.03
  [pointer_rcpo] episode 900, t=44865, mean reward (last 25): -21.63
  [pointer_rcpo] episode 925, t=46140, mean reward (last 25): 17.02
  [pointer_rcpo] episode 950, t=47415, mean reward (last 25): -5.25
  [pointer_rcpo] episode 975, t=48690, mean reward (last 25): -32.47
  [pointer_rcpo] episode 1000, t=49965, mean reward (last 25): 2.62
  [pointer_rcpo] episode 1025, t=51240, mean reward (last 25): 17.63
  [pointer_rcpo] episode 1050, t=52515, mean reward (last 25): 5.91
  [pointer_rcpo] episode 1075, t=53790, mean reward (last 25): 20.89
  [pointer_rcpo] episode 1100, t=55065, mean reward (last 25): 14.90
  [pointer_rcpo] episode 1125, t=56340, mean reward (last 25): -4.17
  [pointer_rcpo] episode 1150, t=57615, mean reward (last 25): -52.21
  [pointer_rcpo] episode 1175, t=58890, mean reward (last 25): -46.03
  Saved: Results\reduced_budget_2026-09-04_v2\models\pointer_rcpo.pt
  Saved: Results\reduced_budget_2026-09-04_v2\models\pointer_rcpo_hyperparams.json

######################################################################
# Step 5: Train model C (Pointer + Pareto-knee)
######################################################################

======================================================================
Training model: pointer_paretoknee (60000 timesteps)
======================================================================