[I 2026-09-04 14:08:23,498] A new study created in memory with name: a2c_pointer_v2_tardiness_scale45x6x50_scheduling_optimization

######################################################################
# Instance: 45 jobs / 6 machines / horizon 50, deadline_range=(10, 50), job_duration_range=(1, 8)
######################################################################

######################################################################
# Step 1a: Tardiness-aware Optuna search (optimize_for=tardiness), for models A/B (12 trials x 6000 timesteps)
######################################################################

================================================================================
Starting Optuna optimization for A2C (pointer) [optimize_for=tardiness] [shaping=True, randinst=False]
Number of trials: 12
Parallel jobs: 1
Study name: a2c_pointer_v2_tardiness_scale45x6x50_scheduling_optimization
================================================================================

  0%|          | 0/12 [00:00<?, ?it/s]                                        0%|          | 0/12 [00:40<?, ?it/s]Best trial: 0. Best value: -129.829:   0%|          | 0/12 [00:40<?, ?it/s]Best trial: 0. Best value: -129.829:   8%|8         | 1/12 [00:40<07:29, 40.83s/it]                                                                                   Best trial: 0. Best value: -129.829:   8%|8         | 1/12 [01:33<07:29, 40.83s/it]Best trial: 0. Best value: -129.829:   8%|8         | 1/12 [01:33<07:29, 40.83s/it]Best trial: 0. Best value: -129.829:  17%|#6        | 2/12 [01:33<07:58, 47.85s/it]                                                                                   Best trial: 0. Best value: -129.829:  17%|#6        | 2/12 [01:57<07:58, 47.85s/it]Best trial: 2. Best value: -104.63:  17%|#6        | 2/12 [01:57<07:58, 47.85s/it] Best trial: 2. Best value: -104.63:  25%|##5       | 3/12 [01:57<05:34, 37.11s/it]                                                                                  Best trial: 2. Best value: -104.63:  25%|##5       | 3/12 [02:42<05:34, 37.11s/it]Best trial: 3. Best value: -103.093:  25%|##5       | 3/12 [02:42<05:34, 37.11s/it]Best trial: 3. Best value: -103.093:  33%|###3      | 4/12 [02:42<05:19, 40.00s/it]                                                                                   Best trial: 3. Best value: -103.093:  33%|###3      | 4/12 [03:26<05:19, 40.00s/it]Best trial: 3. Best value: -103.093:  33%|###3      | 4/12 [03:26<05:19, 40.00s/it]Best trial: 3. Best value: -103.093:  42%|####1     | 5/12 [03:26<04:50, 41.54s/it]                                                                                   Best trial: 3. Best value: -103.093:  42%|####1     | 5/12 [04:18<04:50, 41.54s/it]Best trial: 3. Best value: -103.093:  42%|####1     | 5/12 [04:18<04:50, 41.54s/it]Best trial: 3. Best value: -103.093:  50%|#####     | 6/12 [04:18<04:29, 44.91s/it]                                                                                   Best trial: 3. Best value: -103.093:  50%|#####     | 6/12 [04:46<04:29, 44.91s/it]Best trial: 3. Best value: -103.093:  50%|#####     | 6/12 [04:46<04:29, 44.91s/it]Best trial: 3. Best value: -103.093:  58%|#####8    | 7/12 [04:46<03:17, 39.58s/it]                                                                                   Best trial: 3. Best value: -103.093:  58%|#####8    | 7/12 [05:17<03:17, 39.58s/it]Best trial: 7. Best value: -57.725:  58%|#####8    | 7/12 [05:17<03:17, 39.58s/it] Best trial: 7. Best value: -57.725:  67%|######6   | 8/12 [05:17<02:27, 36.93s/it]                                                                                  Best trial: 7. Best value: -57.725:  67%|######6   | 8/12 [05:45<02:27, 36.93s/it]Best trial: 7. Best value: -57.725:  67%|######6   | 8/12 [05:45<02:27, 36.93s/it]Best trial: 7. Best value: -57.725:  75%|#######5  | 9/12 [05:45<01:42, 34.02s/it]                                                                                  Best trial: 7. Best value: -57.725:  75%|#######5  | 9/12 [06:19<01:42, 34.02s/it]Best trial: 7. Best value: -57.725:  75%|#######5  | 9/12 [06:19<01:42, 34.02s/it]Best trial: 7. Best value: -57.725:  83%|########3 | 10/12 [06:19<01:07, 33.96s/it]                                                                                   Best trial: 7. Best value: -57.725:  83%|########3 | 10/12 [07:07<01:07, 33.96s/it]Best trial: 7. Best value: -57.725:  83%|########3 | 10/12 [07:07<01:07, 33.96s/it]Best trial: 7. Best value: -57.725:  92%|#########1| 11/12 [07:07<00:38, 38.19s/it]                                                                                   Best trial: 7. Best value: -57.725:  92%|#########1| 11/12 [07:52<00:38, 38.19s/it]Best trial: 7. Best value: -57.725:  92%|#########1| 11/12 [07:52<00:38, 38.19s/it]Best trial: 7. Best value: -57.725: 100%|##########| 12/12 [07:52<00:00, 40.29s/it]Best trial: 7. Best value: -57.725: 100%|##########| 12/12 [07:52<00:00, 39.35s/it]
[I 2026-09-04 14:09:04,332] Trial 0 finished with value: -129.82875520443082 and parameters: {'embed_dim': 128, 'hidden': 32, 'learning_rate': 1.3066739238053272e-05, 'n_steps': 5, 'gamma': 0.9975255827559377, 'gae_lambda': 0.9832442640800422, 'ent_coef': 0.0026587543983272706, 'value_coef': 0.38636872540532546, 'max_grad_norm': 0.4283831568974037, 'lambda_1': 0.9563633644393066, 'lambda_2': 3.4646653174710598, 'lambda_3': 1.1479175279631737, 'idle_penalty': 1.2280728504951048, 'invalid_penalty': 7.282970263056656}. Best is trial 0 with value: -129.82875520443082.
[I 2026-09-04 14:09:57,098] Trial 1 finished with value: -229.84592270042302 and parameters: {'embed_dim': 256, 'hidden': 64, 'learning_rate': 0.00010677482709481354, 'n_steps': 20, 'gamma': 0.9531875280562787, 'gae_lambda': 0.9948885537253334, 'ent_coef': 0.08536189862866832, 'value_coef': 0.8562980110873458, 'max_grad_norm': 0.5132296384213595, 'lambda_1': 0.6465081710095758, 'lambda_2': 6.239536949187832, 'lambda_3': 1.1602287406094018, 'idle_penalty': 0.8050955871119471, 'invalid_penalty': 6.466238370778891}. Best is trial 0 with value: -129.82875520443082.
[I 2026-09-04 14:10:21,427] Trial 2 finished with value: -104.62966937719426 and parameters: {'embed_dim': 128, 'hidden': 32, 'learning_rate': 0.00012399967836846095, 'n_steps': 10, 'gamma': 0.9938465401709548, 'gae_lambda': 0.9597899978811085, 'ent_coef': 0.06978281265126034, 'value_coef': 0.3163693765389396, 'max_grad_norm': 0.4371880036934016, 'lambda_1': 0.5678409333658071, 'lambda_2': 1.660231735613951, 'lambda_3': 1.083015934534223, 'idle_penalty': 1.1783725794347397, 'invalid_penalty': 8.801162564063505}. Best is trial 2 with value: -104.62966937719426.
[I 2026-09-04 14:11:05,844] Trial 3 finished with value: -103.09262264644079 and parameters: {'embed_dim': 256, 'hidden': 64, 'learning_rate': 0.0009413993046829941, 'n_steps': 50, 'gamma': 0.9846360098485332, 'gae_lambda': 0.9729007168040987, 'ent_coef': 0.034877126245459314, 'value_coef': 0.30553348880056774, 'max_grad_norm': 0.5509260099809907, 'lambda_1': 0.6738035892876946, 'lambda_2': 12.070172346569045, 'lambda_3': 1.4349471902413369, 'idle_penalty': 1.327245062131623, 'invalid_penalty': 3.4449084520021653}. Best is trial 3 with value: -103.09262264644079.
[I 2026-09-04 14:11:50,110] Trial 4 finished with value: -177.68651284261063 and parameters: {'embed_dim': 256, 'hidden': 64, 'learning_rate': 1.7345566642360933e-05, 'n_steps': 50, 'gamma': 0.9741959842218552, 'gae_lambda': 0.9522732829381995, 'ent_coef': 0.007162786999897343, 'value_coef': 0.2690643450580714, 'max_grad_norm': 0.37552399889531307, 'lambda_1': 0.5471437785301014, 'lambda_2': 5.230433228561658, 'lambda_3': 0.97153397161449, 'idle_penalty': 1.771426727911757, 'invalid_penalty': 9.352965317482651}. Best is trial 3 with value: -103.09262264644079.
[I 2026-09-04 14:12:41,581] Trial 5 finished with value: -168.45699329166516 and parameters: {'embed_dim': 256, 'hidden': 128, 'learning_rate': 2.101079931010355e-05, 'n_steps': 5, 'gamma': 0.9893799317680566, 'gae_lambda': 0.9186570058886036, 'ent_coef': 0.060970252974914346, 'value_coef': 0.6545066814367381, 'max_grad_norm': 0.8652081086148438, 'lambda_1': 1.8441369498852398, 'lambda_2': 1.6159601572059132, 'lambda_3': 0.6650778867915151, 'idle_penalty': 1.0698379063548542, 'invalid_penalty': 5.989754520383794}. Best is trial 3 with value: -103.09262264644079.
[I 2026-09-04 14:13:10,187] Trial 6 finished with value: -106.40241807249288 and parameters: {'embed_dim': 128, 'hidden': 32, 'learning_rate': 1.736723715159314e-05, 'n_steps': 10, 'gamma': 0.9844479289858638, 'gae_lambda': 0.9363629602379294, 'ent_coef': 0.08781408196485979, 'value_coef': 0.9718354712065834, 'max_grad_norm': 0.4762476070777549, 'lambda_1': 1.245872758838578, 'lambda_2': 1.517033274766701, 'lambda_3': 0.9272607415662014, 'idle_penalty': 0.592217368386332, 'invalid_penalty': 7.266950337859278}. Best is trial 3 with value: -103.09262264644079.
[I 2026-09-04 14:13:41,449] Trial 7 finished with value: -57.72503247108746 and parameters: {'embed_dim': 64, 'hidden': 32, 'learning_rate': 9.525889086580776e-05, 'n_steps': 5, 'gamma': 0.9616442396556275, 'gae_lambda': 0.972821634861186, 'ent_coef': 0.005439591236568527, 'value_coef': 0.7242293729451846, 'max_grad_norm': 0.7434707975326262, 'lambda_1': 1.3036620261121377, 'lambda_2': 0.6976211400403726, 'lambda_3': 1.752953743383857, 'idle_penalty': 1.3019501624293395, 'invalid_penalty': 4.3056295727989795}. Best is trial 7 with value: -57.72503247108746.
[I 2026-09-04 14:14:09,064] Trial 8 finished with value: -135.4785203546645 and parameters: {'embed_dim': 256, 'hidden': 64, 'learning_rate': 0.0001951396765593445, 'n_steps': 50, 'gamma': 0.9567385262631536, 'gae_lambda': 0.9341066351050259, 'ent_coef': 0.0016863473810115068, 'value_coef': 0.943520213708922, 'max_grad_norm': 0.9141375473666866, 'lambda_1': 0.8869124415727334, 'lambda_2': 5.705635706965203, 'lambda_3': 1.7258333003018238, 'idle_penalty': 1.8880020289986559, 'invalid_penalty': 6.707554048492046}. Best is trial 7 with value: -57.72503247108746.
[I 2026-09-04 14:14:42,879] Trial 9 finished with value: -132.30436438573685 and parameters: {'embed_dim': 256, 'hidden': 32, 'learning_rate': 4.993662066506419e-05, 'n_steps': 10, 'gamma': 0.9814595506615601, 'gae_lambda': 0.9084139964995049, 'ent_coef': 0.0021050258247483854, 'value_coef': 0.9239156413953095, 'max_grad_norm': 0.7245003417617129, 'lambda_1': 0.5137955774249445, 'lambda_2': 0.7269984809673802, 'lambda_3': 1.4952526536620838, 'idle_penalty': 0.5126539596155467, 'invalid_penalty': 4.125656359922491}. Best is trial 7 with value: -57.72503247108746.
[I 2026-09-04 14:15:30,665] Trial 10 finished with value: -354.19153918938224 and parameters: {'embed_dim': 64, 'hidden': 128, 'learning_rate': 0.0005473715206415865, 'n_steps': 5, 'gamma': 0.9662492582079312, 'gae_lambda': 0.9038725199961183, 'ent_coef': 0.012717182468493128, 'value_coef': 0.5443396690769743, 'max_grad_norm': 0.6832907687492829, 'lambda_1': 1.7761406885475517, 'lambda_2': 18.712311585312364, 'lambda_3': 1.9187145799605694, 'idle_penalty': 2.7890949269471843, 'invalid_penalty': 5.03661058541912}. Best is trial 7 with value: -57.72503247108746.
[I 2026-09-04 14:16:15,749] Trial 11 finished with value: -285.12670409782413 and parameters: {'embed_dim': 64, 'hidden': 64, 'learning_rate': 0.0009059340678274661, 'n_steps': 50, 'gamma': 0.9655224437253491, 'gae_lambda': 0.972660820269732, 'ent_coef': 0.02178785933394018, 'value_coef': 0.67720077805341, 'max_grad_norm': 0.6393533561241121, 'lambda_1': 1.4613994445751493, 'lambda_2': 18.11979820111978, 'lambda_3': 1.5176737240928737, 'idle_penalty': 1.7032212324150564, 'invalid_penalty': 3.1333190916146236}. Best is trial 7 with value: -57.72503247108746.

================================================================================
Optimization completed!
================================================================================

Best trial: 7
Best reward: -57.73

Best hyperparameters:
  embed_dim: 64
  hidden: 32
  learning_rate: 9.525889086580776e-05
  n_steps: 5
  gamma: 0.9616442396556275
  gae_lambda: 0.972821634861186
  ent_coef: 0.005439591236568527
  value_coef: 0.7242293729451846
  max_grad_norm: 0.7434707975326262
  lambda_1: 1.3036620261121377
  lambda_2: 0.6976211400403726
  lambda_3: 1.752953743383857
  idle_penalty: 1.3019501624293395
  invalid_penalty: 4.3056295727989795

Best parameters saved to: C:\Coding\University\NPSC3001\NeuralKnapsacking\Neural-Knapsack-Research-Project\rl_training\optuna_results\a2c_pointer_tardiness_scale45x6x50_best_params.json
All trials saved to: C:\Coding\University\NPSC3001\NeuralKnapsacking\Neural-Knapsack-Research-Project\rl_training\optuna_results\a2c_pointer_tardiness_scale45x6x50_trials.csv
Could not create visualizations: Tried to import 'plotly' but failed. Please make sure that the package is installed correctly to use this feature. Actual error: No module named 'plotly'.

Best composite-score trial: 7 (composite=-57.73, mean_reward=124.27, mean_tardiness=182.00, lambda_2=0.698)

######################################################################
# Step 1b: Multi-objective Optuna search (optimize_for=pareto), for model C's knee (12 trials x 6000 timesteps)
######################################################################[I 2026-09-04 14:16:17,659] A new study created in memory with name: a2c_pointer_v2_pareto_scale45x6x50_scheduling_optimization


================================================================================
Starting Optuna optimization for A2C (pointer) [optimize_for=pareto] [shaping=True, randinst=False]
Number of trials: 12
Parallel jobs: 1
Study name: a2c_pointer_v2_pareto_scale45x6x50_scheduling_optimization
================================================================================

  0%|          | 0/12 [00:00<?, ?it/s]                                        0%|          | 0/12 [00:47<?, ?it/s]  8%|8         | 1/12 [00:47<08:40, 47.29s/it]                                                8%|8         | 1/12 [01:45<08:40, 47.29s/it] 17%|#6        | 2/12 [01:45<08:55, 53.55s/it]                                               17%|#6        | 2/12 [02:28<08:55, 53.55s/it] 25%|##5       | 3/12 [02:28<07:21, 49.06s/it]                                               25%|##5       | 3/12 [02:57<07:21, 49.06s/it] 33%|###3      | 4/12 [02:57<05:27, 40.90s/it]                                               33%|###3      | 4/12 [03:23<05:27, 40.90s/it] 42%|####1     | 5/12 [03:23<04:09, 35.64s/it]                                               42%|####1     | 5/12 [03:50<04:09, 35.64s/it] 50%|#####     | 6/12 [03:50<03:16, 32.81s/it]                                               50%|#####     | 6/12 [04:16<03:16, 32.81s/it] 58%|#####8    | 7/12 [04:16<02:31, 30.30s/it]                                               58%|#####8    | 7/12 [05:06<02:31, 30.30s/it] 67%|######6   | 8/12 [05:06<02:26, 36.66s/it]                                               67%|######6   | 8/12 [05:56<02:26, 36.66s/it] 75%|#######5  | 9/12 [05:56<02:02, 40.89s/it]                                               75%|#######5  | 9/12 [06:44<02:02, 40.89s/it] 83%|########3 | 10/12 [06:44<01:26, 43.01s/it]                                                83%|########3 | 10/12 [07:08<01:26, 43.01s/it] 92%|#########1| 11/12 [07:08<00:37, 37.19s/it]                                                92%|#########1| 11/12 [07:34<00:37, 37.19s/it]100%|##########| 12/12 [07:34<00:00, 33.72s/it]100%|##########| 12/12 [07:34<00:00, 37.84s/it]
[I 2026-09-04 14:17:04,947] Trial 0 finished with values: [81.72027604167747, 0.96] and parameters: {'embed_dim': 64, 'hidden': 128, 'learning_rate': 0.00033721763018420127, 'n_steps': 20, 'gamma': 0.9583587344595162, 'gae_lambda': 0.9089662399973067, 'ent_coef': 0.03758861904135319, 'value_coef': 0.28340915082925855, 'max_grad_norm': 0.943674114127607, 'lambda_1': 1.763024797503829, 'lambda_2': 0.8704789584914233, 'lambda_3': 0.5181564175477112, 'idle_penalty': 1.5361881555448957, 'invalid_penalty': 7.293478871765453}.
[I 2026-09-04 14:18:02,886] Trial 1 finished with values: [191.9428610159848, 7.46] and parameters: {'embed_dim': 256, 'hidden': 64, 'learning_rate': 1.830102543008271e-05, 'n_steps': 10, 'gamma': 0.9693997149190199, 'gae_lambda': 0.9519269222545386, 'ent_coef': 0.009839470754657922, 'value_coef': 0.8567982412007161, 'max_grad_norm': 0.9986382071365125, 'lambda_1': 0.5019949107383479, 'lambda_2': 0.9810960100272001, 'lambda_3': 0.7052945563258108, 'idle_penalty': 2.006009722300357, 'invalid_penalty': 9.353313045893888}.
[I 2026-09-04 14:18:46,595] Trial 2 finished with values: [96.54147829371165, 7.86] and parameters: {'embed_dim': 64, 'hidden': 32, 'learning_rate': 0.00035060542379603503, 'n_steps': 50, 'gamma': 0.9938293422271859, 'gae_lambda': 0.9186592705341659, 'ent_coef': 0.002623577036514815, 'value_coef': 0.3051297155758089, 'max_grad_norm': 0.7615400443880038, 'lambda_1': 1.6368432508812387, 'lambda_2': 10.610233246375541, 'lambda_3': 0.6296457440817539, 'idle_penalty': 0.8256042737490827, 'invalid_penalty': 4.214307417024103}.
[I 2026-09-04 14:19:15,002] Trial 3 finished with values: [165.78919698952308, 5.84] and parameters: {'embed_dim': 128, 'hidden': 32, 'learning_rate': 0.00022190390433915038, 'n_steps': 20, 'gamma': 0.9566039222614823, 'gae_lambda': 0.9269657208538823, 'ent_coef': 0.05024788327598001, 'value_coef': 0.7511980437388538, 'max_grad_norm': 0.6359881572167807, 'lambda_1': 1.186887567147096, 'lambda_2': 5.179025080850384, 'lambda_3': 0.8873768518565276, 'idle_penalty': 2.7913491356313305, 'invalid_penalty': 4.04796398875871}.
[I 2026-09-04 14:19:41,303] Trial 4 finished with values: [121.72824145717095, 6.06] and parameters: {'embed_dim': 256, 'hidden': 128, 'learning_rate': 3.7061023705611635e-05, 'n_steps': 50, 'gamma': 0.9655165040684769, 'gae_lambda': 0.9544454514008346, 'ent_coef': 0.020709636978999874, 'value_coef': 0.30405649006594015, 'max_grad_norm': 0.8796207832467997, 'lambda_1': 0.6909136642818492, 'lambda_2': 1.831009069344827, 'lambda_3': 1.5931508531483736, 'idle_penalty': 1.4412706270004856, 'invalid_penalty': 4.177849258842505}.
[I 2026-09-04 14:20:08,634] Trial 5 finished with values: [49.748254068009594, 7.28] and parameters: {'embed_dim': 128, 'hidden': 128, 'learning_rate': 2.8135760109154198e-05, 'n_steps': 10, 'gamma': 0.9550568820153612, 'gae_lambda': 0.9096258751747209, 'ent_coef': 0.012527982594519413, 'value_coef': 0.8417681106570374, 'max_grad_norm': 0.7049763273293406, 'lambda_1': 1.9150920707306578, 'lambda_2': 11.310086483702712, 'lambda_3': 1.820378211328995, 'idle_penalty': 1.0537827223026093, 'invalid_penalty': 3.2572928389780147}.
[I 2026-09-04 14:20:33,771] Trial 6 finished with values: [80.43648035132836, 2.02] and parameters: {'embed_dim': 128, 'hidden': 64, 'learning_rate': 0.000246734317103801, 'n_steps': 50, 'gamma': 0.9663318849119501, 'gae_lambda': 0.980062647789903, 'ent_coef': 0.002416943314696787, 'value_coef': 0.7113809223017514, 'max_grad_norm': 0.5870349382335684, 'lambda_1': 1.4762824952310836, 'lambda_2': 1.7073150224175169, 'lambda_3': 1.527449050247149, 'idle_penalty': 0.6530433897245465, 'invalid_penalty': 4.539649432343207}.
[I 2026-09-04 14:21:24,034] Trial 7 finished with values: [186.97568929411207, 5.42] and parameters: {'embed_dim': 256, 'hidden': 128, 'learning_rate': 0.0003695942531122324, 'n_steps': 5, 'gamma': 0.9530229176334087, 'gae_lambda': 0.9762990918221373, 'ent_coef': 0.005452571368828834, 'value_coef': 0.42786770877985325, 'max_grad_norm': 0.6217269138713168, 'lambda_1': 1.7633651725846429, 'lambda_2': 1.2634415874299239, 'lambda_3': 0.5285849440300567, 'idle_penalty': 0.7193376309662026, 'invalid_penalty': 4.991942979632348}.
[I 2026-09-04 14:22:14,223] Trial 8 finished with values: [176.90934569169113, 5.34] and parameters: {'embed_dim': 256, 'hidden': 32, 'learning_rate': 0.0003567761495866686, 'n_steps': 20, 'gamma': 0.9944930823581659, 'gae_lambda': 0.9167512023756171, 'ent_coef': 0.03357921283134573, 'value_coef': 0.9718134666920083, 'max_grad_norm': 0.3961816423558306, 'lambda_1': 1.4089846731956919, 'lambda_2': 0.6508717027097374, 'lambda_3': 1.2794730467221471, 'idle_penalty': 2.6998878973136473, 'invalid_penalty': 6.199207018830782}.
[I 2026-09-04 14:23:01,977] Trial 9 finished with values: [60.155690285930326, 6.74] and parameters: {'embed_dim': 256, 'hidden': 32, 'learning_rate': 2.130971972009602e-05, 'n_steps': 50, 'gamma': 0.9970642052714461, 'gae_lambda': 0.998545382968478, 'ent_coef': 0.07334361027196172, 'value_coef': 0.4773723637724034, 'max_grad_norm': 0.9915362617773436, 'lambda_1': 1.4151070884119792, 'lambda_2': 8.55726608575326, 'lambda_3': 1.2372868131213508, 'idle_penalty': 0.5133290423342752, 'invalid_penalty': 3.732859753173419}.
[I 2026-09-04 14:23:25,961] Trial 10 finished with values: [125.38639994502746, 5.9] and parameters: {'embed_dim': 128, 'hidden': 64, 'learning_rate': 6.443518334040558e-05, 'n_steps': 10, 'gamma': 0.9710763103509181, 'gae_lambda': 0.9238107629021033, 'ent_coef': 0.0013373321642871634, 'value_coef': 0.44483324052651835, 'max_grad_norm': 0.5168189538058414, 'lambda_1': 0.6322673692395677, 'lambda_2': 1.0886458726822938, 'lambda_3': 0.8314639859138592, 'idle_penalty': 1.3787316743398774, 'invalid_penalty': 5.291114194677006}.
