number,value,datetime_start,datetime_complete,duration,params_embed_dim,params_ent_coef,params_gae_lambda,params_gamma,params_hidden,params_idle_penalty,params_invalid_penalty,params_lambda_1,params_lambda_2,params_lambda_3,params_learning_rate,params_max_grad_norm,params_n_steps,params_value_coef,user_attrs_composite_score,user_attrs_mean_late_jobs,user_attrs_mean_reward,user_attrs_mean_tardiness,user_attrs_n_episodes,state
0,-129.82875520443082,2026-09-04 14:08:23.501066,2026-09-04 14:09:04.331841,0 days 00:00:40.830775,128,0.0026587543983272706,0.9832442640800422,0.9975255827559377,32,1.2280728504951048,7.282970263056656,0.9563633644393066,3.4646653174710598,1.1479175279631737,1.3066739238053272e-05,0.4283831568974037,5,0.38636872540532546,-129.82875520443082,19.0,103.17124479556917,233.0,10,COMPLETE
1,-229.84592270042302,2026-09-04 14:09:04.333815,2026-09-04 14:09:57.098249,0 days 00:00:52.764434,256,0.08536189862866832,0.9948885537253334,0.9531875280562787,64,0.8050955871119471,6.466238370778891,0.6465081710095758,6.239536949187832,1.1602287406094018,0.00010677482709481354,0.5132296384213595,20,0.8562980110873458,-229.84592270042302,24.0,158.15407729957698,388.0,10,COMPLETE
2,-104.62966937719426,2026-09-04 14:09:57.100554,2026-09-04 14:10:21.427535,0 days 00:00:24.326981,128,0.06978281265126034,0.9597899978811085,0.9938465401709548,32,1.1783725794347397,8.801162564063505,0.5678409333658071,1.660231735613951,1.083015934534223,0.00012399967836846095,0.4371880036934016,10,0.3163693765389396,-104.62966937719426,23.0,176.37033062280574,281.0,10,COMPLETE
3,-103.09262264644079,2026-09-04 14:10:21.429326,2026-09-04 14:11:05.843818,0 days 00:00:44.414492,256,0.034877126245459314,0.9729007168040987,0.9846360098485332,64,1.327245062131623,3.4449084520021653,0.6738035892876946,12.070172346569045,1.4349471902413369,0.0009413993046829941,0.5509260099809907,50,0.30553348880056774,-103.09262264644079,19.0,76.90737735355921,180.0,10,COMPLETE
4,-177.68651284261063,2026-09-04 14:11:05.846100,2026-09-04 14:11:50.109843,0 days 00:00:44.263743,256,0.007162786999897343,0.9522732829381995,0.9741959842218552,64,1.771426727911757,9.352965317482651,0.5471437785301014,5.230433228561658,0.97153397161449,1.7345566642360933e-05,0.37552399889531307,50,0.2690643450580714,-177.68651284261063,21.0,159.31348715738937,337.0,10,COMPLETE
5,-168.45699329166516,2026-09-04 14:11:50.111950,2026-09-04 14:12:41.581329,0 days 00:00:51.469379,256,0.060970252974914346,0.9186570058886036,0.9893799317680566,128,1.0698379063548542,5.989754520383794,1.8441369498852398,1.6159601572059132,0.6650778867915151,2.101079931010355e-05,0.8652081086148438,5,0.6545066814367381,-168.45699329166516,21.0,100.54300670833484,269.0,10,COMPLETE
6,-106.40241807249288,2026-09-04 14:12:41.582518,2026-09-04 14:13:10.187764,0 days 00:00:28.605246,128,0.08781408196485979,0.9363629602379294,0.9844479289858638,32,0.592217368386332,7.266950337859278,1.245872758838578,1.517033274766701,0.9272607415662014,1.736723715159314e-05,0.4762476070777549,10,0.9718354712065834,-106.40241807249288,17.0,115.59758192750715,222.0,10,COMPLETE
7,-57.72503247108746,2026-09-04 14:13:10.189551,2026-09-04 14:13:41.448899,0 days 00:00:31.259348,64,0.005439591236568527,0.972821634861186,0.9616442396556275,32,1.3019501624293395,4.3056295727989795,1.3036620261121377,0.6976211400403726,1.752953743383857,9.525889086580776e-05,0.7434707975326262,5,0.7242293729451846,-57.72503247108746,16.0,124.27496752891254,182.0,10,COMPLETE
8,-135.4785203546645,2026-09-04 14:13:41.450190,2026-09-04 14:14:09.064806,0 days 00:00:27.614616,256,0.0016863473810115068,0.9341066351050259,0.9567385262631536,64,1.8880020289986559,6.707554048492046,0.8869124415727334,5.705635706965203,1.7258333003018238,0.0001951396765593445,0.9141375473666866,50,0.943520213708922,-135.4785203546645,18.0,97.52147964533548,233.0,10,COMPLETE
9,-132.30436438573685,2026-09-04 14:14:09.066534,2026-09-04 14:14:42.879368,0 days 00:00:33.812834,256,0.0021050258247483854,0.9084139964995049,0.9814595506615601,32,0.5126539596155467,4.125656359922491,0.5137955774249445,0.7269984809673802,1.4952526536620838,4.993662066506419e-05,0.7245003417617129,10,0.9239156413953095,-132.30436438573685,18.0,123.69563561426317,256.0,10,COMPLETE
10,-354.19153918938224,2026-09-04 14:14:42.882502,2026-09-04 14:15:30.665418,0 days 00:00:47.782916,64,0.012717182468493128,0.9038725199961183,0.9662492582079312,128,2.7890949269471843,5.03661058541912,1.7761406885475517,18.712311585312364,1.9187145799605694,0.0005473715206415865,0.6832907687492829,5,0.5443396690769743,-354.19153918938224,21.0,-16.191539189382233,338.0,10,COMPLETE
11,-285.12670409782413,2026-09-04 14:15:30.667567,2026-09-04 14:16:15.749374,0 days 00:00:45.081807,64,0.02178785933394018,0.972660820269732,0.9655224437253491,64,1.7032212324150564,3.1333190916146236,1.4613994445751493,18.11979820111978,1.5176737240928737,0.0009059340678274661,0.6393533561241121,50,0.67720077805341,-285.12670409782413,19.0,10.873295902175844,296.0,10,COMPLETE
