number,values_0,values_1,datetime_start,datetime_complete,duration,params_embed_dim,params_ent_coef,params_gae_lambda,params_gamma,params_hidden,params_idle_penalty,params_invalid_penalty,params_lambda_1,params_lambda_2,params_lambda_3,params_learning_rate,params_max_grad_norm,params_n_steps,params_value_coef,user_attrs_composite_score,user_attrs_mean_late_jobs,user_attrs_mean_reward,user_attrs_mean_tardiness,user_attrs_n_episodes,system_attrs_NSGAIISampler:generation,state
0,81.72027604167747,0.96,2026-09-04 14:16:17.660830,2026-09-04 14:17:04.947735,0 days 00:00:47.286905,64,0.03758861904135319,0.9089662399973067,0.9583587344595162,128,1.5361881555448957,7.293478871765453,1.763024797503829,0.8704789584914233,0.5181564175477112,0.00033721763018420127,0.943674114127607,20,0.28340915082925855,33.720276041677465,9.0,81.72027604167747,48.0,10,0,COMPLETE
1,191.9428610159848,7.46,2026-09-04 14:17:04.948943,2026-09-04 14:18:02.886629,0 days 00:00:57.937686,256,0.009839470754657922,0.9519269222545386,0.9693997149190199,64,2.006009722300357,9.353313045893888,0.5019949107383479,0.9810960100272001,0.7052945563258108,1.830102543008271e-05,0.9986382071365125,10,0.8567982412007161,-181.0571389840152,23.0,191.9428610159848,373.0,10,0,COMPLETE
2,96.54147829371165,7.86,2026-09-04 14:18:02.887862,2026-09-04 14:18:46.595479,0 days 00:00:43.707617,64,0.002623577036514815,0.9186592705341659,0.9938293422271859,32,0.8256042737490827,4.214307417024103,1.6368432508812387,10.610233246375541,0.6296457440817539,0.00035060542379603503,0.7615400443880038,50,0.3051297155758089,-296.45852170628837,25.0,96.54147829371165,393.0,10,0,COMPLETE
3,165.78919698952308,5.84,2026-09-04 14:18:46.596697,2026-09-04 14:19:15.002273,0 days 00:00:28.405576,128,0.05024788327598001,0.9269657208538823,0.9566039222614823,32,2.7913491356313305,4.04796398875871,1.186887567147096,5.179025080850384,0.8873768518565276,0.00022190390433915038,0.6359881572167807,20,0.7511980437388538,-126.21080301047692,19.0,165.78919698952308,292.0,10,0,COMPLETE
4,121.72824145717095,6.06,2026-09-04 14:19:15.002818,2026-09-04 14:19:41.303623,0 days 00:00:26.300805,256,0.020709636978999874,0.9544454514008346,0.9655165040684769,128,1.4412706270004856,4.177849258842505,0.6909136642818492,1.831009069344827,1.5931508531483736,3.7061023705611635e-05,0.8796207832467997,50,0.30405649006594015,-181.27175854282905,17.0,121.72824145717095,303.0,10,0,COMPLETE
5,49.748254068009594,7.28,2026-09-04 14:19:41.304389,2026-09-04 14:20:08.634272,0 days 00:00:27.329883,128,0.012527982594519413,0.9096258751747209,0.9550568820153612,128,1.0537827223026093,3.2572928389780147,1.9150920707306578,11.310086483702712,1.820378211328995,2.8135760109154198e-05,0.7049763273293406,10,0.8417681106570374,-314.2517459319904,20.0,49.748254068009594,364.0,10,0,COMPLETE
6,80.43648035132836,2.02,2026-09-04 14:20:08.634957,2026-09-04 14:20:33.771801,0 days 00:00:25.136844,128,0.002416943314696787,0.980062647789903,0.9663318849119501,64,0.6530433897245465,4.539649432343207,1.4762824952310836,1.7073150224175169,1.527449050247149,0.000246734317103801,0.5870349382335684,50,0.7113809223017514,-20.563519648671644,7.0,80.43648035132836,101.0,10,0,COMPLETE
7,186.97568929411207,5.42,2026-09-04 14:20:33.772516,2026-09-04 14:21:24.034093,0 days 00:00:50.261577,256,0.005452571368828834,0.9762990918221373,0.9530229176334087,128,0.7193376309662026,4.991942979632348,1.7633651725846429,1.2634415874299239,0.5285849440300567,0.0003695942531122324,0.6217269138713168,5,0.42786770877985325,-84.02431070588793,22.0,186.97568929411207,271.0,10,0,COMPLETE
8,176.90934569169113,5.34,2026-09-04 14:21:24.035207,2026-09-04 14:22:14.222960,0 days 00:00:50.187753,256,0.03357921283134573,0.9167512023756171,0.9944930823581659,32,2.6998878973136473,6.199207018830782,1.4089846731956919,0.6508717027097374,1.2794730467221471,0.0003567761495866686,0.3961816423558306,20,0.9718134666920083,-90.09065430830887,19.0,176.90934569169113,267.0,10,0,COMPLETE
9,60.155690285930326,6.74,2026-09-04 14:22:14.224136,2026-09-04 14:23:01.976862,0 days 00:00:47.752726,256,0.07334361027196172,0.998545382968478,0.9970642052714461,32,0.5133290423342752,3.732859753173419,1.4151070884119792,8.55726608575326,1.2372868131213508,2.130971972009602e-05,0.9915362617773436,50,0.4773723637724034,-276.84430971406965,21.0,60.155690285930326,337.0,10,0,COMPLETE
10,125.38639994502746,5.9,2026-09-04 14:23:01.978057,2026-09-04 14:23:25.961461,0 days 00:00:23.983404,128,0.0013373321642871634,0.9238107629021033,0.9710763103509181,64,1.3787316743398774,5.291114194677006,0.6322673692395677,1.0886458726822938,0.8314639859138592,6.443518334040558e-05,0.5168189538058414,10,0.44483324052651835,-169.61360005497255,18.0,125.38639994502746,295.0,10,0,COMPLETE
11,92.27696258734308,5.96,2026-09-04 14:23:25.962178,2026-09-04 14:23:51.752339,0 days 00:00:25.790161,256,0.003983014218952098,0.9067307148179272,0.9523460483388462,32,0.751598086902059,9.035951142008948,1.1816945284946148,7.343770409877628,0.8520520648957702,7.076862490532262e-05,0.4668108319864795,50,0.9973943529434665,-205.72303741265694,18.0,92.27696258734308,298.0,10,0,COMPLETE
