number,values_0,values_1,datetime_start,datetime_complete,duration,params_embed_dim,params_ent_coef,params_gae_lambda,params_gamma,params_hidden,params_idle_penalty,params_invalid_penalty,params_lambda_1,params_lambda_2,params_lambda_3,params_learning_rate,params_max_grad_norm,params_n_steps,params_value_coef,user_attrs_composite_score,user_attrs_mean_late_jobs,user_attrs_mean_reward,user_attrs_mean_tardiness,user_attrs_n_episodes,system_attrs_NSGAIISampler:generation,state
0,93.87792601664391,1.8,2026-09-04 13:44:07.833701,2026-09-04 13:44:22.322806,0 days 00:00:14.489105,64,0.011513104839804821,0.9411030111396474,0.9566469255530702,64,0.543977596381915,9.997968992037208,1.356226842386412,0.6735706315882166,1.915423952327169,1.6031281201383088e-05,0.3552043355158296,5,0.3169759695295419,3.8779260166439116,6.0,93.87792601664391,45.0,10,0,COMPLETE
1,93.28601058608058,2.44,2026-09-04 13:44:22.323416,2026-09-04 13:44:34.675999,0 days 00:00:12.352583,128,0.009753572201265374,0.981987807530082,0.9799209759792176,32,0.672553808753122,7.5784293605140896,1.6157658291822248,0.5773868237553945,0.6247994856811324,0.00011190997017959504,0.5862987390292269,10,0.2772885000380661,-28.71398941391942,8.0,93.28601058608058,61.0,10,0,COMPLETE
2,-18.809708947568826,0.0,2026-09-04 13:44:34.676602,2026-09-04 13:44:46.843448,0 days 00:00:12.166846,64,0.002493060017300971,0.9211256006510998,0.9766677643345888,128,0.6778388566695985,6.741928591903017,1.158019743585942,0.7673258565404154,1.1255094322186188,0.0003012222727984814,0.31185343296648543,20,0.7389454324466265,-18.809708947568826,0.0,-18.809708947568826,0.0,10,0,COMPLETE
3,90.7258178268942,0.88,2026-09-04 13:44:46.844079,2026-09-04 13:45:07.075786,0 days 00:00:20.231707,128,0.005240934673749352,0.9452781367591316,0.9763767732475918,64,2.999420675856972,6.002945679152047,0.7007663046193737,3.8705448726926606,1.2264568206442925,2.711780636906285e-05,0.6621673450548322,10,0.9140476777769968,46.7258178268942,4.0,90.7258178268942,22.0,10,0,COMPLETE
4,78.4891621333103,2.08,2026-09-04 13:45:07.076492,2026-09-04 13:45:24.479388,0 days 00:00:17.402896,128,0.0012765579057894,0.9476725940957877,0.9657238172655289,64,0.562046811190215,6.887743516116595,1.0110068292849395,8.593345685239326,0.8686648256269427,0.0009789872663681705,0.4029698559065142,20,0.9457483449637332,-25.510837866689698,5.0,78.4891621333103,52.0,10,0,COMPLETE
5,93.15871837577983,1.08,2026-09-04 13:45:24.480037,2026-09-04 13:45:43.741410,0 days 00:00:19.261373,128,0.010780219197469111,0.9988046533315948,0.9636534538057393,32,1.8220089323593207,4.283369619468719,1.4465593262602623,0.6386304938534988,0.5993747891883318,1.3843162736446195e-05,0.42046369245625986,10,0.5997908549409963,39.15871837577983,5.0,93.15871837577983,27.0,10,0,COMPLETE
6,92.36753032054371,0.64,2026-09-04 13:45:43.742139,2026-09-04 13:46:05.522112,0 days 00:00:21.779973,64,0.013592405905283699,0.9536692780020005,0.9519956922619714,32,1.6137127404154108,6.803548886737023,1.5676842536283426,0.9667914721189488,1.034310205609536,6.584969343010897e-05,0.5491238190504385,5,0.9099199533801463,60.36753032054371,5.0,92.36753032054371,16.0,10,0,COMPLETE
7,81.81760564543116,2.04,2026-09-04 13:46:05.522778,2026-09-04 13:46:21.891143,0 days 00:00:16.368365,64,0.0022816087677167605,0.927834489197897,0.9861539912204214,128,0.759110483302451,9.929573883636637,1.6177377914928142,4.826547517878325,1.32931884503125,1.3650413392946234e-05,0.5677762331176617,20,0.6713933244550166,-20.182394354568842,8.0,81.81760564543116,51.0,10,0,COMPLETE
8,80.69559811236478,2.28,2026-09-04 13:46:21.891784,2026-09-04 13:46:43.934061,0 days 00:00:22.042277,64,0.005343821201888283,0.9258478216909563,0.9943324384584183,32,0.8147537724545793,4.435557751780785,0.9846563569394737,5.783875547381951,1.7419952337552538,4.802058357516755e-05,0.5245111493923895,5,0.2658879134674762,-33.30440188763521,8.0,80.69559811236478,57.0,10,0,COMPLETE
9,96.2829773012938,0.88,2026-09-04 13:46:43.934656,2026-09-04 13:47:03.766041,0 days 00:00:19.831385,256,0.006851164155312636,0.9565066954323789,0.9674512461163356,32,2.541503761589304,6.812470795070154,0.6909276462616007,0.5047183622422683,1.1562774363263404,2.6499854937582197e-05,0.6242201787231559,20,0.8974441532479882,52.2829773012938,5.0,96.2829773012938,22.0,10,0,COMPLETE
10,95.36459593793992,0.48,2026-09-04 13:47:03.766824,2026-09-04 13:47:32.310230,0 days 00:00:28.543406,256,0.09725799140824085,0.9944225410288108,0.9626943607849204,64,2.4309124711256107,7.75983203838018,0.5513417942571317,0.8101930173107494,0.745010573887892,1.515715877800997e-05,0.34439254734310903,5,0.8549491828186763,71.36459593793992,5.0,95.36459593793992,12.0,10,0,COMPLETE
11,86.00497194387985,1.92,2026-09-04 13:47:32.311340,2026-09-04 13:47:51.692345,0 days 00:00:19.381005,256,0.006438479546707698,0.9489158717345855,0.992541657651164,64,2.7424032523658015,7.139095276139726,1.9545593654379294,1.8757673650873734,1.7394805142102552,0.00018705617180256515,0.39948745364795324,50,0.8201264157825748,-9.995028056120148,7.0,86.00497194387985,48.0,10,0,COMPLETE
12,92.77933503674163,0.92,2026-09-04 13:47:51.693131,2026-09-04 13:48:08.904631,0 days 00:00:17.211500,128,0.047944494933376956,0.9689637858712975,0.987531628409133,32,2.3388513464365905,8.543963804325832,0.7148210356807286,0.7132690932172983,1.4701403890172138,6.500055564195396e-05,0.8437268764701555,50,0.8556715636897989,46.77933503674163,4.0,92.77933503674163,23.0,10,0,COMPLETE
13,65.90425395269908,2.24,2026-09-04 13:48:08.905428,2026-09-04 13:48:28.700578,0 days 00:00:19.795150,64,0.05319162087505328,0.9447315160306619,0.9603201844409095,128,2.046334301963688,8.53106894833561,1.9507292833492986,12.446109664688656,0.8788807255840427,2.0287677030441825e-05,0.6403998341290296,10,0.6748588812891441,-46.095746047300935,7.0,65.90425395269908,56.0,10,0,COMPLETE
14,73.73649326786165,1.44,2026-09-04 13:48:28.702012,2026-09-04 13:48:49.339885,0 days 00:00:20.637873,128,0.009089179078275122,0.9949068286641737,0.9843138411688263,128,2.7877136709872654,9.637622682355795,0.5235775459437234,15.320991491287378,0.9582476498968008,4.560902153925766e-05,0.6727755677582665,10,0.29746303939054486,1.736493267861647,6.0,73.73649326786165,36.0,10,0,COMPLETE
