[I 2026-09-04 13:44:07,827] A new study created in memory with name: a2c_pointer_v2_pareto_scale15x4x25_scheduling_optimization

######################################################################
# Step 1: Combined Optuna Pareto search (15 trials x 6000 timesteps)
######################################################################

================================================================================
Starting Optuna optimization for A2C (pointer) [optimize_for=pareto] [shaping=True, randinst=False]
Number of trials: 15
Parallel jobs: 1
Study name: a2c_pointer_v2_pareto_scale15x4x25_scheduling_optimization
================================================================================

  0%|          | 0/15 [00:00<?, ?it/s]                                        0%|          | 0/15 [00:14<?, ?it/s]  7%|6         | 1/15 [00:14<03:22, 14.49s/it]                                                7%|6         | 1/15 [00:26<03:22, 14.49s/it] 13%|#3        | 2/15 [00:26<02:52, 13.23s/it]                                               13%|#3        | 2/15 [00:39<02:52, 13.23s/it] 20%|##        | 3/15 [00:39<02:32, 12.75s/it]                                               20%|##        | 3/15 [00:59<02:32, 12.75s/it] 27%|##6       | 4/15 [00:59<02:52, 15.70s/it]                                               27%|##6       | 4/15 [01:16<02:52, 15.70s/it] 33%|###3      | 5/15 [01:16<02:43, 16.32s/it]                                               33%|###3      | 5/15 [01:35<02:43, 16.32s/it] 40%|####      | 6/15 [01:35<02:35, 17.32s/it]                                               40%|####      | 6/15 [01:57<02:35, 17.32s/it] 47%|####6     | 7/15 [01:57<02:30, 18.78s/it]                                               47%|####6     | 7/15 [02:14<02:30, 18.78s/it] 53%|#####3    | 8/15 [02:14<02:06, 18.01s/it]                                               53%|#####3    | 8/15 [02:36<02:06, 18.01s/it] 60%|######    | 9/15 [02:36<01:55, 19.27s/it]                                               60%|######    | 9/15 [02:55<01:55, 19.27s/it] 67%|######6   | 10/15 [02:55<01:37, 19.44s/it]                                                67%|######6   | 10/15 [03:24<01:37, 19.44s/it] 73%|#######3  | 11/15 [03:24<01:28, 22.23s/it]                                                73%|#######3  | 11/15 [03:43<01:28, 22.23s/it] 80%|########  | 12/15 [03:43<01:04, 21.36s/it]                                                80%|########  | 12/15 [04:01<01:04, 21.36s/it] 87%|########6 | 13/15 [04:01<00:40, 20.11s/it]                                                87%|########6 | 13/15 [04:20<00:40, 20.11s/it] 93%|#########3| 14/15 [04:20<00:20, 20.01s/it]                                                93%|#########3| 14/15 [04:41<00:20, 20.01s/it]100%|##########| 15/15 [04:41<00:00, 20.20s/it]100%|##########| 15/15 [04:41<00:00, 18.77s/it]
[I 2026-09-04 13:44:22,322] Trial 0 finished with values: [93.87792601664391, 1.8] and parameters: {'embed_dim': 64, 'hidden': 64, 'learning_rate': 1.6031281201383088e-05, 'n_steps': 5, 'gamma': 0.9566469255530702, 'gae_lambda': 0.9411030111396474, 'ent_coef': 0.011513104839804821, 'value_coef': 0.3169759695295419, 'max_grad_norm': 0.3552043355158296, 'lambda_1': 1.356226842386412, 'lambda_2': 0.6735706315882166, 'lambda_3': 1.915423952327169, 'idle_penalty': 0.543977596381915, 'invalid_penalty': 9.997968992037208}.
[I 2026-09-04 13:44:34,676] Trial 1 finished with values: [93.28601058608058, 2.44] and parameters: {'embed_dim': 128, 'hidden': 32, 'learning_rate': 0.00011190997017959504, 'n_steps': 10, 'gamma': 0.9799209759792176, 'gae_lambda': 0.981987807530082, 'ent_coef': 0.009753572201265374, 'value_coef': 0.2772885000380661, 'max_grad_norm': 0.5862987390292269, 'lambda_1': 1.6157658291822248, 'lambda_2': 0.5773868237553945, 'lambda_3': 0.6247994856811324, 'idle_penalty': 0.672553808753122, 'invalid_penalty': 7.5784293605140896}.
[I 2026-09-04 13:44:46,843] Trial 2 finished with values: [-18.809708947568826, 0.0] and parameters: {'embed_dim': 64, 'hidden': 128, 'learning_rate': 0.0003012222727984814, 'n_steps': 20, 'gamma': 0.9766677643345888, 'gae_lambda': 0.9211256006510998, 'ent_coef': 0.002493060017300971, 'value_coef': 0.7389454324466265, 'max_grad_norm': 0.31185343296648543, 'lambda_1': 1.158019743585942, 'lambda_2': 0.7673258565404154, 'lambda_3': 1.1255094322186188, 'idle_penalty': 0.6778388566695985, 'invalid_penalty': 6.741928591903017}.
[I 2026-09-04 13:45:07,075] Trial 3 finished with values: [90.7258178268942, 0.88] and parameters: {'embed_dim': 128, 'hidden': 64, 'learning_rate': 2.711780636906285e-05, 'n_steps': 10, 'gamma': 0.9763767732475918, 'gae_lambda': 0.9452781367591316, 'ent_coef': 0.005240934673749352, 'value_coef': 0.9140476777769968, 'max_grad_norm': 0.6621673450548322, 'lambda_1': 0.7007663046193737, 'lambda_2': 3.8705448726926606, 'lambda_3': 1.2264568206442925, 'idle_penalty': 2.999420675856972, 'invalid_penalty': 6.002945679152047}.
[I 2026-09-04 13:45:24,479] Trial 4 finished with values: [78.4891621333103, 2.08] and parameters: {'embed_dim': 128, 'hidden': 64, 'learning_rate': 0.0009789872663681705, 'n_steps': 20, 'gamma': 0.9657238172655289, 'gae_lambda': 0.9476725940957877, 'ent_coef': 0.0012765579057894, 'value_coef': 0.9457483449637332, 'max_grad_norm': 0.4029698559065142, 'lambda_1': 1.0110068292849395, 'lambda_2': 8.593345685239326, 'lambda_3': 0.8686648256269427, 'idle_penalty': 0.562046811190215, 'invalid_penalty': 6.887743516116595}.
[I 2026-09-04 13:45:43,741] Trial 5 finished with values: [93.15871837577983, 1.08] and parameters: {'embed_dim': 128, 'hidden': 32, 'learning_rate': 1.3843162736446195e-05, 'n_steps': 10, 'gamma': 0.9636534538057393, 'gae_lambda': 0.9988046533315948, 'ent_coef': 0.010780219197469111, 'value_coef': 0.5997908549409963, 'max_grad_norm': 0.42046369245625986, 'lambda_1': 1.4465593262602623, 'lambda_2': 0.6386304938534988, 'lambda_3': 0.5993747891883318, 'idle_penalty': 1.8220089323593207, 'invalid_penalty': 4.283369619468719}.
[I 2026-09-04 13:46:05,522] Trial 6 finished with values: [92.36753032054371, 0.64] and parameters: {'embed_dim': 64, 'hidden': 32, 'learning_rate': 6.584969343010897e-05, 'n_steps': 5, 'gamma': 0.9519956922619714, 'gae_lambda': 0.9536692780020005, 'ent_coef': 0.013592405905283699, 'value_coef': 0.9099199533801463, 'max_grad_norm': 0.5491238190504385, 'lambda_1': 1.5676842536283426, 'lambda_2': 0.9667914721189488, 'lambda_3': 1.034310205609536, 'idle_penalty': 1.6137127404154108, 'invalid_penalty': 6.803548886737023}.
[I 2026-09-04 13:46:21,891] Trial 7 finished with values: [81.81760564543116, 2.04] and parameters: {'embed_dim': 64, 'hidden': 128, 'learning_rate': 1.3650413392946234e-05, 'n_steps': 20, 'gamma': 0.9861539912204214, 'gae_lambda': 0.927834489197897, 'ent_coef': 0.0022816087677167605, 'value_coef': 0.6713933244550166, 'max_grad_norm': 0.5677762331176617, 'lambda_1': 1.6177377914928142, 'lambda_2': 4.826547517878325, 'lambda_3': 1.32931884503125, 'idle_penalty': 0.759110483302451, 'invalid_penalty': 9.929573883636637}.
[I 2026-09-04 13:46:43,934] Trial 8 finished with values: [80.69559811236478, 2.28] and parameters: {'embed_dim': 64, 'hidden': 32, 'learning_rate': 4.802058357516755e-05, 'n_steps': 5, 'gamma': 0.9943324384584183, 'gae_lambda': 0.9258478216909563, 'ent_coef': 0.005343821201888283, 'value_coef': 0.2658879134674762, 'max_grad_norm': 0.5245111493923895, 'lambda_1': 0.9846563569394737, 'lambda_2': 5.783875547381951, 'lambda_3': 1.7419952337552538, 'idle_penalty': 0.8147537724545793, 'invalid_penalty': 4.435557751780785}.
[I 2026-09-04 13:47:03,766] Trial 9 finished with values: [96.2829773012938, 0.88] and parameters: {'embed_dim': 256, 'hidden': 32, 'learning_rate': 2.6499854937582197e-05, 'n_steps': 20, 'gamma': 0.9674512461163356, 'gae_lambda': 0.9565066954323789, 'ent_coef': 0.006851164155312636, 'value_coef': 0.8974441532479882, 'max_grad_norm': 0.6242201787231559, 'lambda_1': 0.6909276462616007, 'lambda_2': 0.5047183622422683, 'lambda_3': 1.1562774363263404, 'idle_penalty': 2.541503761589304, 'invalid_penalty': 6.812470795070154}.
[I 2026-09-04 13:47:32,310] Trial 10 finished with values: [95.36459593793992, 0.48] and parameters: {'embed_dim': 256, 'hidden': 64, 'learning_rate': 1.515715877800997e-05, 'n_steps': 5, 'gamma': 0.9626943607849204, 'gae_lambda': 0.9944225410288108, 'ent_coef': 0.09725799140824085, 'value_coef': 0.8549491828186763, 'max_grad_norm': 0.34439254734310903, 'lambda_1': 0.5513417942571317, 'lambda_2': 0.8101930173107494, 'lambda_3': 0.745010573887892, 'idle_penalty': 2.4309124711256107, 'invalid_penalty': 7.75983203838018}.
[I 2026-09-04 13:47:51,692] Trial 11 finished with values: [86.00497194387985, 1.92] and parameters: {'embed_dim': 256, 'hidden': 64, 'learning_rate': 0.00018705617180256515, 'n_steps': 50, 'gamma': 0.992541657651164, 'gae_lambda': 0.9489158717345855, 'ent_coef': 0.006438479546707698, 'value_coef': 0.8201264157825748, 'max_grad_norm': 0.39948745364795324, 'lambda_1': 1.9545593654379294, 'lambda_2': 1.8757673650873734, 'lambda_3': 1.7394805142102552, 'idle_penalty': 2.7424032523658015, 'invalid_penalty': 7.139095276139726}.
[I 2026-09-04 13:48:08,904] Trial 12 finished with values: [92.77933503674163, 0.92] and parameters: {'embed_dim': 128, 'hidden': 32, 'learning_rate': 6.500055564195396e-05, 'n_steps': 50, 'gamma': 0.987531628409133, 'gae_lambda': 0.9689637858712975, 'ent_coef': 0.047944494933376956, 'value_coef': 0.8556715636897989, 'max_grad_norm': 0.8437268764701555, 'lambda_1': 0.7148210356807286, 'lambda_2': 0.7132690932172983, 'lambda_3': 1.4701403890172138, 'idle_penalty': 2.3388513464365905, 'invalid_penalty': 8.543963804325832}.
[I 2026-09-04 13:48:28,700] Trial 13 finished with values: [65.90425395269908, 2.24] and parameters: {'embed_dim': 64, 'hidden': 128, 'learning_rate': 2.0287677030441825e-05, 'n_steps': 10, 'gamma': 0.9603201844409095, 'gae_lambda': 0.9447315160306619, 'ent_coef': 0.05319162087505328, 'value_coef': 0.6748588812891441, 'max_grad_norm': 0.6403998341290296, 'lambda_1': 1.9507292833492986, 'lambda_2': 12.446109664688656, 'lambda_3': 0.8788807255840427, 'idle_penalty': 2.046334301963688, 'invalid_penalty': 8.53106894833561}.
